Detecting C compiler ABI info failed to compile with the following output:
Change Dir: /mnt/s/Dev/C++/ZuneCraft/ZuneCraft/build/CMakeFiles/CMakeTmp

Run Build Command(s):/usr/bin/gmake -f Makefile cmTC_8e9f0/fast && /usr/bin/gmake  -f CMakeFiles/cmTC_8e9f0.dir/build.make CMakeFiles/cmTC_8e9f0.dir/build
gmake[1]: Entering directory '/mnt/s/Dev/C++/ZuneCraft/ZuneCraft/build/CMakeFiles/CMakeTmp'
Building C object CMakeFiles/cmTC_8e9f0.dir/CMakeCCompilerABI.c.o
/usr/bin/arm-mingw32ce-gcc   -v -o CMakeFiles/cmTC_8e9f0.dir/CMakeCCompilerABI.c.o -c /usr/share/cmake-3.22/Modules/CMakeCCompilerABI.c
Using built-in specs.
COLLECT_GCC=/usr/bin/arm-mingw32ce-gcc
Target: arm-mingw32ce
Configured with: ../../../configure --build=x86_64-linux-gnu --host=x86_64-linux-gnu --target=arm-mingw32ce --disable-dependency-tracking --prefix=/usr --sysconfdir=/etc --with-gcc --with-gnu-ld --with-gnu-as --enable-threads=win32 --disable-nls --enable-languages=c,c++ --disable-win32-registry --disable-multilib --disable-interwork --without-newlib --enable-checking --with-headers --disable-__cxa_atexit
Thread model: win32
gcc version 9.3.0 (GCC) 
COLLECT_GCC_OPTIONS='-v' '-o' 'CMakeFiles/cmTC_8e9f0.dir/CMakeCCompilerABI.c.o' '-c' '-mcpu=arm7tdmi' '-marm' '-march=armv4t'
 /usr/libexec/gcc/arm-mingw32ce/9.3.0/cc1 -quiet -v /usr/share/cmake-3.22/Modules/CMakeCCompilerABI.c -quiet -dumpbase CMakeCCompilerABI.c -mcpu=arm7tdmi -marm -march=armv4t -auxbase-strip CMakeFiles/cmTC_8e9f0.dir/CMakeCCompilerABI.c.o -version -o /tmp/ccUjdcsu.s
GNU C17 (GCC) version 9.3.0 (arm-mingw32ce)
	compiled by GNU C version 8.3.0, GMP version 6.1.2, MPFR version 4.0.2, MPC version 1.1.0, isl version none
warning: GMP header version 6.1.2 differs from library version 6.2.1.
warning: MPFR header version 4.0.2 differs from library version 4.1.0.
warning: MPC header version 1.1.0 differs from library version 1.2.1.
GGC heuristics: --param ggc-min-expand=30 --param ggc-min-heapsize=4096
ignoring nonexistent directory "/usr/lib/gcc/arm-mingw32ce/9.3.0/../../../../arm-mingw32ce/sys-include"
#include "..." search starts here:
#include <...> search starts here:
 /usr/lib/gcc/arm-mingw32ce/9.3.0/include
 /usr/lib/gcc/arm-mingw32ce/9.3.0/include-fixed
 /usr/lib/gcc/arm-mingw32ce/9.3.0/../../../../arm-mingw32ce/include
End of search list.
GNU C17 (GCC) version 9.3.0 (arm-mingw32ce)
	compiled by GNU C version 8.3.0, GMP version 6.1.2, MPFR version 4.0.2, MPC version 1.1.0, isl version none
warning: GMP header version 6.1.2 differs from library version 6.2.1.
warning: MPFR header version 4.0.2 differs from library version 4.1.0.
warning: MPC header version 1.1.0 differs from library version 1.2.1.
GGC heuristics: --param ggc-min-expand=30 --param ggc-min-heapsize=4096
Compiler executable checksum: aaf05ef5dfe9e1fef806f42183435cd1
COLLECT_GCC_OPTIONS='-v' '-o' 'CMakeFiles/cmTC_8e9f0.dir/CMakeCCompilerABI.c.o' '-c' '-mcpu=arm7tdmi' '-marm' '-march=armv4t'
 /usr/lib/gcc/arm-mingw32ce/9.3.0/../../../../arm-mingw32ce/bin/as -v -march=armv4t -o CMakeFiles/cmTC_8e9f0.dir/CMakeCCompilerABI.c.o /tmp/ccUjdcsu.s
GNU assembler version 2.34 (arm-mingw32ce) using BFD version (GNU Binutils) 2.34
COMPILER_PATH=/usr/libexec/gcc/arm-mingw32ce/9.3.0/:/usr/libexec/gcc/arm-mingw32ce/9.3.0/:/usr/libexec/gcc/arm-mingw32ce/:/usr/lib/gcc/arm-mingw32ce/9.3.0/:/usr/lib/gcc/arm-mingw32ce/:/usr/lib/gcc/arm-mingw32ce/9.3.0/../../../../arm-mingw32ce/bin/
LIBRARY_PATH=/usr/lib/gcc/arm-mingw32ce/9.3.0/:/usr/lib/gcc/arm-mingw32ce/9.3.0/../../../../arm-mingw32ce/lib/
COLLECT_GCC_OPTIONS='-v' '-o' 'CMakeFiles/cmTC_8e9f0.dir/CMakeCCompilerABI.c.o' '-c' '-mcpu=arm7tdmi' '-marm' '-march=armv4t'
Linking C executable cmTC_8e9f0
/usr/bin/cmake -E cmake_link_script CMakeFiles/cmTC_8e9f0.dir/link.txt --verbose=1
/usr/bin/arm-mingw32ce-gcc  -v CMakeFiles/cmTC_8e9f0.dir/CMakeCCompilerABI.c.o -o cmTC_8e9f0 
Using built-in specs.
COLLECT_GCC=/usr/bin/arm-mingw32ce-gcc
COLLECT_LTO_WRAPPER=/usr/libexec/gcc/arm-mingw32ce/9.3.0/lto-wrapper
Target: arm-mingw32ce
Configured with: ../../../configure --build=x86_64-linux-gnu --host=x86_64-linux-gnu --target=arm-mingw32ce --disable-dependency-tracking --prefix=/usr --sysconfdir=/etc --with-gcc --with-gnu-ld --with-gnu-as --enable-threads=win32 --disable-nls --enable-languages=c,c++ --disable-win32-registry --disable-multilib --disable-interwork --without-newlib --enable-checking --with-headers --disable-__cxa_atexit
Thread model: win32
gcc version 9.3.0 (GCC) 
COMPILER_PATH=/usr/libexec/gcc/arm-mingw32ce/9.3.0/:/usr/libexec/gcc/arm-mingw32ce/9.3.0/:/usr/libexec/gcc/arm-mingw32ce/:/usr/lib/gcc/arm-mingw32ce/9.3.0/:/usr/lib/gcc/arm-mingw32ce/:/usr/lib/gcc/arm-mingw32ce/9.3.0/../../../../arm-mingw32ce/bin/
LIBRARY_PATH=/usr/lib/gcc/arm-mingw32ce/9.3.0/:/usr/lib/gcc/arm-mingw32ce/9.3.0/../../../../arm-mingw32ce/lib/
COLLECT_GCC_OPTIONS='-v' '-o' 'cmTC_8e9f0.exe' '-mcpu=arm7tdmi' '-marm' '-march=armv4t'
 /usr/libexec/gcc/arm-mingw32ce/9.3.0/collect2 -plugin /usr/libexec/gcc/arm-mingw32ce/9.3.0/liblto_plugin.so -plugin-opt=/usr/libexec/gcc/arm-mingw32ce/9.3.0/lto-wrapper -plugin-opt=-fresolution=/tmp/ccSNnIEr.res -plugin-opt=-pass-through=-lmingw32 -plugin-opt=-pass-through=-lgcc -plugin-opt=-pass-through=-lceoldname -plugin-opt=-pass-through=-lmingwex -plugin-opt=-pass-through=-lcoredll -plugin-opt=-pass-through=-lcoredll -plugin-opt=-pass-through=-lmingw32 -plugin-opt=-pass-through=-lgcc -plugin-opt=-pass-through=-lceoldname -plugin-opt=-pass-through=-lmingwex -plugin-opt=-pass-through=-lcoredll -Bdynamic -o cmTC_8e9f0.exe /usr/lib/gcc/arm-mingw32ce/9.3.0/../../../../arm-mingw32ce/lib/crt3.o -L/usr/lib/gcc/arm-mingw32ce/9.3.0 -L/usr/lib/gcc/arm-mingw32ce/9.3.0/../../../../arm-mingw32ce/lib CMakeFiles/cmTC_8e9f0.dir/CMakeCCompilerABI.c.o -lmingw32 -lgcc -lceoldname -lmingwex -lcoredll -lcoredll -lmingw32 -lgcc -lceoldname -lmingwex -lcoredll
COLLECT_GCC_OPTIONS='-v' '-o' 'cmTC_8e9f0.exe' '-mcpu=arm7tdmi' '-marm' '-march=armv4t'
gmake[1]: Leaving directory '/mnt/s/Dev/C++/ZuneCraft/ZuneCraft/build/CMakeFiles/CMakeTmp'


Cannot copy output executable
  ''
to destination specified by COPY_FILE:
  '/mnt/s/Dev/C++/ZuneCraft/ZuneCraft/build/CMakeFiles/3.22.1/CMakeDetermineCompilerABI_C.bin'
Unable to find the executable at any of:
  /mnt/s/Dev/C++/ZuneCraft/ZuneCraft/build/CMakeFiles/CMakeTmp/cmTC_8e9f0
  /mnt/s/Dev/C++/ZuneCraft/ZuneCraft/build/CMakeFiles/CMakeTmp/Debug/cmTC_8e9f0
  /mnt/s/Dev/C++/ZuneCraft/ZuneCraft/build/CMakeFiles/CMakeTmp/Development/cmTC_8e9f0


Detecting CXX compiler ABI info failed to compile with the following output:
Change Dir: /mnt/s/Dev/C++/ZuneCraft/ZuneCraft/build/CMakeFiles/CMakeTmp

Run Build Command(s):/usr/bin/gmake -f Makefile cmTC_ae20b/fast && /usr/bin/gmake  -f CMakeFiles/cmTC_ae20b.dir/build.make CMakeFiles/cmTC_ae20b.dir/build
gmake[1]: Entering directory '/mnt/s/Dev/C++/ZuneCraft/ZuneCraft/build/CMakeFiles/CMakeTmp'
Building CXX object CMakeFiles/cmTC_ae20b.dir/CMakeCXXCompilerABI.cpp.o
/usr/bin/arm-mingw32ce-g++   -v -o CMakeFiles/cmTC_ae20b.dir/CMakeCXXCompilerABI.cpp.o -c /usr/share/cmake-3.22/Modules/CMakeCXXCompilerABI.cpp
Using built-in specs.
COLLECT_GCC=/usr/bin/arm-mingw32ce-g++
Target: arm-mingw32ce
Configured with: ../../../configure --build=x86_64-linux-gnu --host=x86_64-linux-gnu --target=arm-mingw32ce --disable-dependency-tracking --prefix=/usr --sysconfdir=/etc --with-gcc --with-gnu-ld --with-gnu-as --enable-threads=win32 --disable-nls --enable-languages=c,c++ --disable-win32-registry --disable-multilib --disable-interwork --without-newlib --enable-checking --with-headers --disable-__cxa_atexit
Thread model: win32
gcc version 9.3.0 (GCC) 
COLLECT_GCC_OPTIONS='-v' '-o' 'CMakeFiles/cmTC_ae20b.dir/CMakeCXXCompilerABI.cpp.o' '-c' '-mcpu=arm7tdmi' '-marm' '-march=armv4t'
 /usr/libexec/gcc/arm-mingw32ce/9.3.0/cc1plus -quiet -v /usr/share/cmake-3.22/Modules/CMakeCXXCompilerABI.cpp -quiet -dumpbase CMakeCXXCompilerABI.cpp -mcpu=arm7tdmi -marm -march=armv4t -auxbase-strip CMakeFiles/cmTC_ae20b.dir/CMakeCXXCompilerABI.cpp.o -version -o /tmp/ccbvKsch.s
GNU C++14 (GCC) version 9.3.0 (arm-mingw32ce)
	compiled by GNU C version 8.3.0, GMP version 6.1.2, MPFR version 4.0.2, MPC version 1.1.0, isl version none
warning: GMP header version 6.1.2 differs from library version 6.2.1.
warning: MPFR header version 4.0.2 differs from library version 4.1.0.
warning: MPC header version 1.1.0 differs from library version 1.2.1.
GGC heuristics: --param ggc-min-expand=30 --param ggc-min-heapsize=4096
ignoring nonexistent directory "/usr/lib/gcc/arm-mingw32ce/9.3.0/../../../../arm-mingw32ce/sys-include"
#include "..." search starts here:
#include <...> search starts here:
 /usr/lib/gcc/arm-mingw32ce/9.3.0/../../../../arm-mingw32ce/include/c++/9.3.0
 /usr/lib/gcc/arm-mingw32ce/9.3.0/../../../../arm-mingw32ce/include/c++/9.3.0/arm-mingw32ce
 /usr/lib/gcc/arm-mingw32ce/9.3.0/../../../../arm-mingw32ce/include/c++/9.3.0/backward
 /usr/lib/gcc/arm-mingw32ce/9.3.0/include
 /usr/lib/gcc/arm-mingw32ce/9.3.0/include-fixed
 /usr/lib/gcc/arm-mingw32ce/9.3.0/../../../../arm-mingw32ce/include
End of search list.
GNU C++14 (GCC) version 9.3.0 (arm-mingw32ce)
	compiled by GNU C version 8.3.0, GMP version 6.1.2, MPFR version 4.0.2, MPC version 1.1.0, isl version none
warning: GMP header version 6.1.2 differs from library version 6.2.1.
warning: MPFR header version 4.0.2 differs from library version 4.1.0.
warning: MPC header version 1.1.0 differs from library version 1.2.1.
GGC heuristics: --param ggc-min-expand=30 --param ggc-min-heapsize=4096
Compiler executable checksum: eecedb8b68734f101923fc6ea8296aec
COLLECT_GCC_OPTIONS='-v' '-o' 'CMakeFiles/cmTC_ae20b.dir/CMakeCXXCompilerABI.cpp.o' '-c' '-mcpu=arm7tdmi' '-marm' '-march=armv4t'
 /usr/lib/gcc/arm-mingw32ce/9.3.0/../../../../arm-mingw32ce/bin/as -v -march=armv4t -o CMakeFiles/cmTC_ae20b.dir/CMakeCXXCompilerABI.cpp.o /tmp/ccbvKsch.s
GNU assembler version 2.34 (arm-mingw32ce) using BFD version (GNU Binutils) 2.34
COMPILER_PATH=/usr/libexec/gcc/arm-mingw32ce/9.3.0/:/usr/libexec/gcc/arm-mingw32ce/9.3.0/:/usr/libexec/gcc/arm-mingw32ce/:/usr/lib/gcc/arm-mingw32ce/9.3.0/:/usr/lib/gcc/arm-mingw32ce/:/usr/lib/gcc/arm-mingw32ce/9.3.0/../../../../arm-mingw32ce/bin/
LIBRARY_PATH=/usr/lib/gcc/arm-mingw32ce/9.3.0/:/usr/lib/gcc/arm-mingw32ce/9.3.0/../../../../arm-mingw32ce/lib/
COLLECT_GCC_OPTIONS='-v' '-o' 'CMakeFiles/cmTC_ae20b.dir/CMakeCXXCompilerABI.cpp.o' '-c' '-mcpu=arm7tdmi' '-marm' '-march=armv4t'
Linking CXX executable cmTC_ae20b
/usr/bin/cmake -E cmake_link_script CMakeFiles/cmTC_ae20b.dir/link.txt --verbose=1
/usr/bin/arm-mingw32ce-g++  -v CMakeFiles/cmTC_ae20b.dir/CMakeCXXCompilerABI.cpp.o -o cmTC_ae20b 
Using built-in specs.
COLLECT_GCC=/usr/bin/arm-mingw32ce-g++
COLLECT_LTO_WRAPPER=/usr/libexec/gcc/arm-mingw32ce/9.3.0/lto-wrapper
Target: arm-mingw32ce
Configured with: ../../../configure --build=x86_64-linux-gnu --host=x86_64-linux-gnu --target=arm-mingw32ce --disable-dependency-tracking --prefix=/usr --sysconfdir=/etc --with-gcc --with-gnu-ld --with-gnu-as --enable-threads=win32 --disable-nls --enable-languages=c,c++ --disable-win32-registry --disable-multilib --disable-interwork --without-newlib --enable-checking --with-headers --disable-__cxa_atexit
Thread model: win32
gcc version 9.3.0 (GCC) 
COMPILER_PATH=/usr/libexec/gcc/arm-mingw32ce/9.3.0/:/usr/libexec/gcc/arm-mingw32ce/9.3.0/:/usr/libexec/gcc/arm-mingw32ce/:/usr/lib/gcc/arm-mingw32ce/9.3.0/:/usr/lib/gcc/arm-mingw32ce/:/usr/lib/gcc/arm-mingw32ce/9.3.0/../../../../arm-mingw32ce/bin/
LIBRARY_PATH=/usr/lib/gcc/arm-mingw32ce/9.3.0/:/usr/lib/gcc/arm-mingw32ce/9.3.0/../../../../arm-mingw32ce/lib/
COLLECT_GCC_OPTIONS='-v' '-o' 'cmTC_ae20b.exe' '-mcpu=arm7tdmi' '-marm' '-march=armv4t'
 /usr/libexec/gcc/arm-mingw32ce/9.3.0/collect2 -plugin /usr/libexec/gcc/arm-mingw32ce/9.3.0/liblto_plugin.so -plugin-opt=/usr/libexec/gcc/arm-mingw32ce/9.3.0/lto-wrapper -plugin-opt=-fresolution=/tmp/ccuBVimx.res -plugin-opt=-pass-through=-lmingw32 -plugin-opt=-pass-through=-lgcc -plugin-opt=-pass-through=-lceoldname -plugin-opt=-pass-through=-lmingwex -plugin-opt=-pass-through=-lcoredll -plugin-opt=-pass-through=-lcoredll -plugin-opt=-pass-through=-lmingw32 -plugin-opt=-pass-through=-lgcc -plugin-opt=-pass-through=-lceoldname -plugin-opt=-pass-through=-lmingwex -plugin-opt=-pass-through=-lcoredll -Bdynamic -o cmTC_ae20b.exe /usr/lib/gcc/arm-mingw32ce/9.3.0/../../../../arm-mingw32ce/lib/crt3.o -L/usr/lib/gcc/arm-mingw32ce/9.3.0 -L/usr/lib/gcc/arm-mingw32ce/9.3.0/../../../../arm-mingw32ce/lib CMakeFiles/cmTC_ae20b.dir/CMakeCXXCompilerABI.cpp.o -lstdc++ -lmingw32 -lgcc -lceoldname -lmingwex -lcoredll -lcoredll -lmingw32 -lgcc -lceoldname -lmingwex -lcoredll
COLLECT_GCC_OPTIONS='-v' '-o' 'cmTC_ae20b.exe' '-mcpu=arm7tdmi' '-marm' '-march=armv4t'
gmake[1]: Leaving directory '/mnt/s/Dev/C++/ZuneCraft/ZuneCraft/build/CMakeFiles/CMakeTmp'


Cannot copy output executable
  ''
to destination specified by COPY_FILE:
  '/mnt/s/Dev/C++/ZuneCraft/ZuneCraft/build/CMakeFiles/3.22.1/CMakeDetermineCompilerABI_CXX.bin'
Unable to find the executable at any of:
  /mnt/s/Dev/C++/ZuneCraft/ZuneCraft/build/CMakeFiles/CMakeTmp/cmTC_ae20b
  /mnt/s/Dev/C++/ZuneCraft/ZuneCraft/build/CMakeFiles/CMakeTmp/Debug/cmTC_ae20b
  /mnt/s/Dev/C++/ZuneCraft/ZuneCraft/build/CMakeFiles/CMakeTmp/Development/cmTC_ae20b


